+b main
Breakpoint 1 at 0x401471: file c:\Users\Dell\c_activity_sets\set02\problem06.c, line 13.
+r
Starting program: c:\Users\Dell\c_activity_sets\set02/./problem06.exe 
[New Thread 17876.0x4f98]
[New Thread 17876.0x3094]

Breakpoint 1, main () at c:\Users\Dell\c_activity_sets\set02\problem06.c:13
warning: Source file is more recent than executable.
13	    input_string(original_string);
+s
input_string (a=0x61febc "üþa") at c:\Users\Dell\c_activity_sets\set02\problem06.c:21
21	    printf("Enter a string: ");
+s
22	    scanf("%s", a);
+s
23	}
+s
main () at c:\Users\Dell\c_activity_sets\set02\problem06.c:14
14	    str_reverse(original_string, reversed_string);
+s
str_reverse (str=0x61febc "s", rev_str=0x61fe58 "¨þa")
    at c:\Users\Dell\c_activity_sets\set02\problem06.c:26
26	    int length = strlen(str);
+s
29	    for (i = 0, j = length - 1; i < length; i++, j--) {
+s
30	        rev_str[i] = str[j];
+s
29	    for (i = 0, j = length - 1; i < length; i++, j--) {
+s
32	    rev_str[i] = '\0';
+s
33	}
+s
main () at c:\Users\Dell\c_activity_sets\set02\problem06.c:15
15	    output(original_string, reversed_string);
+s
output (a=0x61febc "s", reverse_a=0x61fe58 "s")
    at c:\Users\Dell\c_activity_sets\set02\problem06.c:36
36	    printf("Original string: %s\n", a);
+s
37	    printf("Reversed string: %s\n", reverse_a);
+s
38	}
+s
main () at c:\Users\Dell\c_activity_sets\set02\problem06.c:17
17	    return 0;
+s
18	}
+s
0x00401288 in __register_frame_info ()
+s
Single stepping until exit from function __register_frame_info,
which has no line number information.
0x0040128a in __register_frame_info ()
+s
Single stepping until exit from function __register_frame_info,
which has no line number information.
0x0040128f in __register_frame_info ()
+q
A debugging session is active.

	Inferior 1 [process 17876] will be killed.

Quit anyway? (y or n) error return ../../gdb-7.6.1/gdb/windows-nat.c:1275 was 5
